c:\users\addia\documents\visual studio 2013\projects\sapphire d2non core 2020\project sapphire\release\hf2 extlevels.obj
c:\users\addia\documents\visual studio 2013\projects\sapphire d2non core 2020\project sapphire\release\hf2 draw.obj
c:\users\addia\documents\visual studio 2013\projects\sapphire d2non core 2020\project sapphire\release\hf2 data.obj
c:\users\addia\documents\visual studio 2013\projects\sapphire d2non core 2020\project sapphire\release\hf2 cdkey.obj
c:\users\addia\documents\visual studio 2013\projects\sapphire d2non core 2020\project sapphire\release\helpers.obj
c:\users\addia\documents\visual studio 2013\projects\sapphire d2non core 2020\project sapphire\release\handlers.obj
c:\users\addia\documents\visual studio 2013\projects\sapphire d2non core 2020\project sapphire\release\hack.obj
c:\users\addia\documents\visual studio 2013\projects\sapphire d2non core 2020\project sapphire\release\godmode.obj
c:\users\addia\documents\visual studio 2013\projects\sapphire d2non core 2020\project sapphire\release\game filter.obj
c:\users\addia\documents\visual studio 2013\projects\sapphire d2non core 2020\project sapphire\release\escape.obj
c:\users\addia\documents\visual studio 2013\projects\sapphire d2non core 2020\project sapphire\release\enchant.obj
c:\users\addia\documents\visual studio 2013\projects\sapphire d2non core 2020\project sapphire\release\design.obj
c:\users\addia\documents\visual studio 2013\projects\sapphire d2non core 2020\project sapphire\release\d2 stubs.obj
c:\users\addia\documents\visual studio 2013\projects\sapphire d2non core 2020\project sapphire\release\d2 stdio.obj
c:\users\addia\documents\visual studio 2013\projects\sapphire d2non core 2020\project sapphire\release\copy and paste.obj
c:\users\addia\documents\visual studio 2013\projects\sapphire d2non core 2020\project sapphire\release\configuration.obj
c:\users\addia\documents\visual studio 2013\projects\sapphire d2non core 2020\project sapphire\release\common math.obj
c:\users\addia\documents\visual studio 2013\projects\sapphire d2non core 2020\project sapphire\release\aim.obj
c:\users\addia\documents\visual studio 2013\projects\sapphire d2non core 2020\project sapphire\release\ai move.obj
c:\users\addia\documents\visual studio 2013\projects\sapphire d2non core 2020\project sapphire\release\ai common.obj
c:\users\addia\documents\visual studio 2013\projects\sapphire d2non core 2020\project sapphire\release\string hash.obj
c:\users\addia\documents\visual studio 2013\projects\sapphire d2non core 2020\project sapphire\release\speed.obj
c:\users\addia\documents\visual studio 2013\projects\sapphire d2non core 2020\project sapphire\release\skill.obj
c:\users\addia\documents\visual studio 2013\projects\sapphire d2non core 2020\project sapphire\release\rogue.obj
c:\users\addia\documents\visual studio 2013\projects\sapphire d2non core 2020\project sapphire\release\reveal.obj
c:\users\addia\documents\visual studio 2013\projects\sapphire d2non core 2020\project sapphire\release\potion.obj
c:\users\addia\documents\visual studio 2013\projects\sapphire d2non core 2020\project sapphire\release\patch stubs.obj
c:\users\addia\documents\visual studio 2013\projects\sapphire d2non core 2020\project sapphire\release\packet sent.obj
c:\users\addia\documents\visual studio 2013\projects\sapphire d2non core 2020\project sapphire\release\packet received.obj
c:\users\addia\documents\visual studio 2013\projects\sapphire d2non core 2020\project sapphire\release\offset.obj
c:\users\addia\documents\visual studio 2013\projects\sapphire d2non core 2020\project sapphire\release\miscellaneous.obj
c:\users\addia\documents\visual studio 2013\projects\sapphire d2non core 2020\project sapphire\release\message.obj
c:\users\addia\documents\visual studio 2013\projects\sapphire d2non core 2020\project sapphire\release\item.obj
c:\users\addia\documents\visual studio 2013\projects\sapphire d2non core 2020\project sapphire\release\hf2 xinput.obj
c:\users\addia\documents\visual studio 2013\projects\sapphire d2non core 2020\project sapphire\release\hf2 quest.obj
c:\users\addia\documents\visual studio 2013\projects\sapphire d2non core 2020\project sapphire\release\hf2 ladder.obj
c:\users\addia\documents\visual studio 2013\projects\sapphire d2non core 2020\project sapphire\release\hf2 keyitems.obj
c:\users\addia\documents\visual studio 2013\projects\sapphire d2non core 2020\project sapphire\release\hf2 info.obj
c:\users\addia\documents\visual studio 2013\projects\sapphire d2non core 2020\project sapphire\release\hf2 helpers.obj
c:\users\addia\documents\visual studio 2013\projects\sapphire d2non core 2020\project sapphire\release\hf2 handlers.obj
c:\users\addia\documents\visual studio 2013\projects\sapphire d2non core 2020\project sapphire\release\winamp.obj
c:\users\addia\documents\visual studio 2013\projects\sapphire d2non core 2020\project sapphire\release\vectors.obj
c:\users\addia\documents\visual studio 2013\projects\sapphire d2non core 2020\project sapphire\release\unit.obj
c:\users\addia\documents\visual studio 2013\projects\sapphire d2non core 2020\project sapphire\release\travel.obj
c:\users\addia\documents\visual studio 2013\projects\sapphire d2non core 2020\project sapphire\release\teleport.obj
c:\users\addia\documents\visual studio 2013\projects\sapphire d2non core 2020\project sapphire\release\cl.command.1.tlog
c:\users\addia\documents\visual studio 2013\projects\sapphire d2non core 2020\project sapphire\release\cl.read.1.tlog
c:\users\addia\documents\visual studio 2013\projects\sapphire d2non core 2020\project sapphire\release\cl.write.1.tlog
c:\users\addia\documents\visual studio 2013\projects\sapphire d2non core 2020\project sapphire\release\vc100.pdb
